[youtube] Extracting URL: https://youtu.be/gc0_Acq8dV4
[youtube] gc0_Acq8dV4: Downloading webpage
[youtube] gc0_Acq8dV4: Downloading tv downgraded player API JSON
[youtube] gc0_Acq8dV4: Downloading web safari player API JSON
[youtube] gc0_Acq8dV4: Downloading player b95b0e7a-main
[youtube] [jsc:deno] Solving JS challenges using deno
[youtube] gc0_Acq8dV4: Downloading m3u8 information
[info] gc0_Acq8dV4: Downloading 1 format(s): 140
[download] Destination: C:\Users\developer\Videos\King Gnu - ‚Ç‚ë‚ñ [gc0_Acq8dV4].m4a
[download]   0.0% of    3.04MiB at   99.60KiB/s ETA 00:31
[download]   0.1% of    3.04MiB at  298.80KiB/s ETA 00:10
[download]   0.2% of    3.04MiB at  432.45KiB/s ETA 00:07
[download]   0.5% of    3.04MiB at  926.69KiB/s ETA 00:03
[download]   1.0% of    3.04MiB at    1.87MiB/s ETA 00:01
[download]   2.0% of    3.04MiB at    2.90MiB/s ETA 00:01
[download]   4.1% of    3.04MiB at    3.01MiB/s ETA 00:00
[download]   8.2% of    3.04MiB at    3.55MiB/s ETA 00:00
[download]  16.4% of    3.04MiB at    4.74MiB/s ETA 00:00
[download]  32.9% of    3.04MiB at    5.71MiB/s ETA 00:00
[download]  65.8% of    3.04MiB at    6.67MiB/s ETA 00:00
[download] 100.0% of    3.04MiB at    6.87MiB/s ETA 00:00
[download] 100% of    3.04MiB in 00:00:00 at 4.54MiB/s
[FixupM4a] Correcting container of "C:\Users\developer\Videos\King Gnu - ‚Ç‚ë‚ñ [gc0_Acq8dV4].m4a"
[ExtractAudio] Not converting audio C:\Users\developer\Videos\King Gnu - ‚Ç‚ë‚ñ [gc0_Acq8dV4].m4a; file is already in target format m4a
