[YoutubeYtBe] Extracting URL: https://youtu.be/J1DUE3l46Fg?list=RDJ1DUE3l46Fg
[youtube:tab] Extracting URL: https://www.youtube.com/watch?v=J1DUE3l46Fg&list=RDJ1DUE3l46Fg&feature=youtu.be
[youtube:tab] Downloading just the video J1DUE3l46Fg because of --no-playlist
[youtube] Extracting URL: https://www.youtube.com/watch?v=J1DUE3l46Fg
[youtube] J1DUE3l46Fg: Downloading webpage
[youtube] J1DUE3l46Fg: Downloading tv downgraded player API JSON
[youtube] J1DUE3l46Fg: Downloading web safari player API JSON
[youtube] J1DUE3l46Fg: Downloading player b95b0e7a-main
[youtube] [jsc:quickjs] Solving JS challenges using quickjs
[youtube] J1DUE3l46Fg: Downloading m3u8 information
[info] J1DUE3l46Fg: Downloading 1 format(s): 140
[download] Destination: C:\Users\developer\Videos\‚±‚Ì–é‚ÉŠ£”t@ƒƒKƒeƒ‰Eƒ[ƒyƒIƒŠƒWƒiƒ‹z [J1DUE3l46Fg].m4a
[download]   0.0% of    4.04MiB at  398.40KiB/s ETA 00:10
[download]   0.1% of    4.04MiB at  663.38KiB/s ETA 00:06
[download]   0.2% of    4.04MiB at    1.51MiB/s ETA 00:02
[download]   0.4% of    4.04MiB at    2.65MiB/s ETA 00:01
[download]   0.7% of    4.04MiB at    5.48MiB/s ETA 00:00
[download]   1.5% of    4.04MiB at    2.32MiB/s ETA 00:01
[download]   3.1% of    4.04MiB at    2.58MiB/s ETA 00:01
[download]   6.2% of    4.04MiB at    3.57MiB/s ETA 00:01
[download]  12.4% of    4.04MiB at    4.90MiB/s ETA 00:00
[download]  24.7% of    4.04MiB at    4.14MiB/s ETA 00:00
[download]  49.5% of    4.04MiB at    3.96MiB/s ETA 00:00
[download]  99.0% of    4.04MiB at    4.67MiB/s ETA 00:00
[download] 100.0% of    4.04MiB at    4.68MiB/s ETA 00:00
[download] 100% of    4.04MiB in 00:00:01 at 4.02MiB/s
[FixupM4a] Correcting container of "C:\Users\developer\Videos\‚±‚Ì–é‚ÉŠ£”t@ƒƒKƒeƒ‰Eƒ[ƒyƒIƒŠƒWƒiƒ‹z [J1DUE3l46Fg].m4a"
[ExtractAudio] Not converting audio C:\Users\developer\Videos\‚±‚Ì–é‚ÉŠ£”t@ƒƒKƒeƒ‰Eƒ[ƒyƒIƒŠƒWƒiƒ‹z [J1DUE3l46Fg].m4a; file is already in target format m4a
